# JRE version: OpenJDK Runtime Environment Temurin-21.0.7+6 (21.0.7+6) (build 21.0.7+6-LTS)
# Java VM: OpenJDK 64-Bit Server VM Temurin-21.0.7+6 (21.0.7+6-LTS, mixed mode, emulated-client, sharing, tiered, compressed oops, compressed class ptrs, g1 gc, windows-amd64)
GC Precious Log:
 CardTable entry size: 512
 Card Set container configuration: InlinePtr #cards 5 size 8 Array Of Cards #cards 12 size 40 Howl #buckets 4 coarsen threshold 1843 Howl Bitmap #cards 512 size 80 coarsen threshold 460 Card regions per heap region 1 cards per card region 2048
 CPUs: 16 total, 16 available
 Memory: 7860M
 Large Page Support: Disabled
 NUMA Support: Disabled
 Compressed Oops: Enabled (32-bit)
 Heap Region Size: 1M
 Heap Min Capacity: 8M
 Heap Initial Capacity: 124M
 Heap Max Capacity: 1966M
 Pre-touch: Disabled
 Parallel Workers: 13
 Concurrent Workers: 3
 Concurrent Refinement Workers: 13
 Periodic GC: Disabled
Heap:
 garbage-first heap   total 57344K, used 29526K [0x0000000085200000, 0x0000000100000000)
  region size 1024K, 2 young (2048K), 2 survivors (2048K)
 Metaspace       used 67851K, committed 68608K, reserved 1114112K
  class space    used 9523K, committed 9856K, reserved 1048576K
GC Heap History (20 events):
Event: 2.517 GC heap after
{Heap after GC invocations=8 (full 0):
 garbage-first heap   total 47104K, used 14619K [0x0000000085200000, 0x0000000100000000)
  region size 1024K, 3 young (3072K), 3 survivors (3072K)
 Metaspace       used 22341K, committed 22848K, reserved 1114112K
  class space    used 2973K, committed 3200K, reserved 1048576K
}
Event: 2.967 GC heap before
{Heap before GC invocations=8 (full 0):
 garbage-first heap   total 47104K, used 36123K [0x0000000085200000, 0x0000000100000000)
  region size 1024K, 25 young (25600K), 3 survivors (3072K)
 Metaspace       used 25974K, committed 26496K, reserved 1114112K
  class space    used 3478K, committed 3712K, reserved 1048576K
}
Event: 2.978 GC heap after
{Heap after GC invocations=9 (full 0):
 garbage-first heap   total 47104K, used 16429K [0x0000000085200000, 0x0000000100000000)
  region size 1024K, 4 young (4096K), 4 survivors (4096K)
 Metaspace       used 25974K, committed 26496K, reserved 1114112K
  class space    used 3478K, committed 3712K, reserved 1048576K
}
Event: 3.402 GC heap before
{Heap before GC invocations=9 (full 0):
 garbage-first heap   total 47104K, used 37933K [0x0000000085200000, 0x0000000100000000)
  region size 1024K, 25 young (25600K), 4 survivors (4096K)
 Metaspace       used 29822K, committed 30400K, reserved 1114112K
  class space    used 4034K, committed 4288K, reserved 1048576K
}
Event: 3.410 GC heap after
{Heap after GC invocations=10 (full 0):
 garbage-first heap   total 47104K, used 18588K [0x0000000085200000, 0x0000000100000000)
  region size 1024K, 4 young (4096K), 4 survivors (4096K)
 Metaspace       used 29822K, committed 30400K, reserved 1114112K
  class space    used 4034K, committed 4288K, reserved 1048576K
}
Event: 3.849 GC heap before
{Heap before GC invocations=10 (full 0):
 garbage-first heap   total 47104K, used 39068K [0x0000000085200000, 0x0000000100000000)
  region size 1024K, 24 young (24576K), 4 survivors (4096K)
 Metaspace       used 34584K, committed 35200K, reserved 1114112K
  class space    used 4755K, committed 4992K, reserved 1048576K
}
Event: 3.860 GC heap after
{Heap after GC invocations=11 (full 0):
 garbage-first heap   total 47104K, used 20307K [0x0000000085200000, 0x0000000100000000)
  region size 1024K, 2 young (2048K), 2 survivors (2048K)
 Metaspace       used 34584K, committed 35200K, reserved 1114112K
  class space    used 4755K, committed 4992K, reserved 1048576K
}
Event: 3.958 GC heap before
{Heap before GC invocations=11 (full 0):
 garbage-first heap   total 47104K, used 24403K [0x0000000085200000, 0x0000000100000000)
  region size 1024K, 7 young (7168K), 2 survivors (2048K)
 Metaspace       used 35526K, committed 36160K, reserved 1114112K
  class space    used 4956K, committed 5248K, reserved 1048576K
}
Event: 3.962 GC heap after
{Heap after GC invocations=12 (full 0):
 garbage-first heap   total 57344K, used 20598K [0x0000000085200000, 0x0000000100000000)
  region size 1024K, 2 young (2048K), 2 survivors (2048K)
 Metaspace       used 35526K, committed 36160K, reserved 1114112K
  class space    used 4956K, committed 5248K, reserved 1048576K
}
Event: 4.514 GC heap before
{Heap before GC invocations=13 (full 0):
 garbage-first heap   total 57344K, used 48246K [0x0000000085200000, 0x0000000100000000)
  region size 1024K, 29 young (29696K), 2 survivors (2048K)
 Metaspace       used 42010K, committed 42688K, reserved 1114112K
  class space    used 5979K, committed 6272K, reserved 1048576K
}
Event: 4.519 GC heap after
{Heap after GC invocations=14 (full 0):
 garbage-first heap   total 57344K, used 22796K [0x0000000085200000, 0x0000000100000000)
  region size 1024K, 4 young (4096K), 4 survivors (4096K)
 Metaspace       used 42010K, committed 42688K, reserved 1114112K
  class space    used 5979K, committed 6272K, reserved 1048576K
}
Event: 5.105 GC heap before
{Heap before GC invocations=14 (full 0):
 garbage-first heap   total 57344K, used 47372K [0x0000000085200000, 0x0000000100000000)
  region size 1024K, 29 young (29696K), 4 survivors (4096K)
 Metaspace       used 51530K, committed 52160K, reserved 1114112K
  class space    used 7147K, committed 7424K, reserved 1048576K
}
Event: 5.112 GC heap after
{Heap after GC invocations=15 (full 0):
 garbage-first heap   total 57344K, used 24935K [0x0000000085200000, 0x0000000100000000)
  region size 1024K, 3 young (3072K), 3 survivors (3072K)
 Metaspace       used 51530K, committed 52160K, reserved 1114112K
  class space    used 7147K, committed 7424K, reserved 1048576K
}
Event: 5.563 GC heap before
{Heap before GC invocations=15 (full 0):
 garbage-first heap   total 57344K, used 48487K [0x0000000085200000, 0x0000000100000000)
  region size 1024K, 27 young (27648K), 3 survivors (3072K)
 Metaspace       used 58864K, committed 59520K, reserved 1114112K
  class space    used 8219K, committed 8512K, reserved 1048576K
}
Event: 5.567 GC heap after
{Heap after GC invocations=16 (full 0):
 garbage-first heap   total 57344K, used 26048K [0x0000000085200000, 0x0000000100000000)
  region size 1024K, 2 young (2048K), 2 survivors (2048K)
 Metaspace       used 58864K, committed 59520K, reserved 1114112K
  class space    used 8219K, committed 8512K, reserved 1048576K
}
Event: 5.681 GC heap before
{Heap before GC invocations=16 (full 0):
 garbage-first heap   total 57344K, used 31168K [0x0000000085200000, 0x0000000100000000)
  region size 1024K, 8 young (8192K), 2 survivors (2048K)
 Metaspace       used 59777K, committed 60416K, reserved 1114112K
  class space    used 8375K, committed 8704K, reserved 1048576K
}
Event: 5.684 GC heap after
{Heap after GC invocations=17 (full 0):
 garbage-first heap   total 57344K, used 26233K [0x0000000085200000, 0x0000000100000000)
  region size 1024K, 2 young (2048K), 2 survivors (2048K)
 Metaspace       used 59777K, committed 60416K, reserved 1114112K
  class space    used 8375K, committed 8704K, reserved 1048576K
}
Event: 6.148 GC heap before
{Heap before GC invocations=18 (full 0):
 garbage-first heap   total 57344K, used 49785K [0x0000000085200000, 0x0000000100000000)
  region size 1024K, 25 young (25600K), 2 survivors (2048K)
 Metaspace       used 64683K, committed 65408K, reserved 1114112K
  class space    used 9128K, committed 9472K, reserved 1048576K
}
Event: 6.153 GC heap after
{Heap after GC invocations=19 (full 0):
 garbage-first heap   total 57344K, used 28168K [0x0000000085200000, 0x0000000100000000)
  region size 1024K, 4 young (4096K), 4 survivors (4096K)
 Metaspace       used 64683K, committed 65408K, reserved 1114112K
  class space    used 9128K, committed 9472K, reserved 1048576K
}
Event: 6.605 GC heap before
{Heap before GC invocations=19 (full 0):
 garbage-first heap   total 57344K, used 47624K [0x0000000085200000, 0x0000000100000000)
  region size 1024K, 23 young (23552K), 4 survivors (4096K)
 Metaspace       used 67851K, committed 68608K, reserved 1114112K
  class space    used 9523K, committed 9856K, reserved 1048576K
}

